Build started 11/10/2015 12:11:52 AM.
     1>Project "E:\projects\Ugen\MIDIUIUgen\MIDI\MIDI.vcxproj" on node 3 (Build target(s)).
     1>ClCompile:
         C:\Program Files (x86)\Microsoft Visual Studio 12.0\VC\bin\CL.exe /c /ZI /nologo /W3 /WX- /Od /Oy- /D _DEBUG /D WIN32 /D _WINDOWS /D _USRDLL /D MIDI_EXPORTS /D _DLL /D _VC80_UPGRADE=0x0600 /D _WINDLL /D _MBCS /Gm /EHsc /RTC1 /MTd /GS /Gy- /fp:precise /Zc:wchar_t /Zc:forScope /Fo".\Debug\\" /Fd".\Debug\vc120.pdb" /Gd /TP /analyze- /errorReport:prompt Midi.cpp MidiDevice.cpp
         MidiDevice.cpp
         Midi.cpp
     1>e:\projects\ugen\midiuiugen\midi\midi.cpp(161): warning C4996: 'strcpy': This function or variable may be unsafe. Consider using strcpy_s instead. To disable deprecation, use _CRT_SECURE_NO_WARNINGS. See online help for details.
                 c:\program files (x86)\microsoft visual studio 12.0\vc\include\string.h(112) : see declaration of 'strcpy'
         Generating Code...
       Link:
         C:\Program Files (x86)\Microsoft Visual Studio 12.0\VC\bin\link.exe /ERRORREPORT:PROMPT /OUT:".\Debug\MIDI.dll" /INCREMENTAL /NOLOGO odbc32.lib odbccp32.lib winmm.lib kernel32.lib user32.lib gdi32.lib winspool.lib comdlg32.lib advapi32.lib shell32.lib ole32.lib oleaut32.lib uuid.lib odbc32.lib odbccp32.lib /MANIFEST /MANIFESTUAC:"level='asInvoker' uiAccess='false'" /manifest:embed /DEBUG /PDB:".\Debug\MIDI.pdb" /SUBSYSTEM:CONSOLE /TLBID:1 /DYNAMICBASE /NXCOMPAT /IMPLIB:".\Debug\MIDI.lib" /MACHINE:X86 /SAFESEH /DLL .\Debug\Midi.obj
         .\Debug\MidiDevice.obj
     1>Midi.obj : warning LNK4075: ignoring '/EDITANDCONTINUE' due to '/SAFESEH' specification
            Creating library .\Debug\MIDI.lib and object .\Debug\MIDI.exp
         MIDI.vcxproj -> E:\projects\Ugen\MIDIUIUgen\MIDI\.\Debug\MIDI.dll
       PostBuildEvent:
         copy Debug\MIDI.dll %windir%\system32
         :VCEnd
         Access is denied.
                 0 file(s) copied.
     1>C:\Program Files (x86)\MSBuild\Microsoft.Cpp\v4.0\V120\Microsoft.CppCommon.targets(132,5): error MSB3073: The command "copy Debug\MIDI.dll %windir%\system32
C:\Program Files (x86)\MSBuild\Microsoft.Cpp\v4.0\V120\Microsoft.CppCommon.targets(132,5): error MSB3073: :VCEnd" exited with code 1.
     1>Done Building Project "E:\projects\Ugen\MIDIUIUgen\MIDI\MIDI.vcxproj" (Build target(s)) -- FAILED.

Build FAILED.

Time Elapsed 00:00:04.58
